0 info it worked if it ends with ok
1 verbose cli [ '/usr/bin/node',
1 verbose cli   '/usr/bin/npm',
1 verbose cli   'instal',
1 verbose cli   '-g',
1 verbose cli   'bower',
1 verbose cli   'grunt-cli' ]
2 info using npm@1.4.28
3 info using node@v0.10.37
4 verbose node symlink /usr/bin/node
5 verbose cache add [ 'bower', null ]
6 verbose cache add name=undefined spec="bower" args=["bower",null]
7 verbose parsed url { protocol: null,
7 verbose parsed url   slashes: null,
7 verbose parsed url   auth: null,
7 verbose parsed url   host: null,
7 verbose parsed url   port: null,
7 verbose parsed url   hostname: null,
7 verbose parsed url   hash: null,
7 verbose parsed url   search: null,
7 verbose parsed url   query: null,
7 verbose parsed url   pathname: 'bower',
7 verbose parsed url   path: 'bower',
7 verbose parsed url   href: 'bower' }
8 verbose cache add [ 'grunt-cli', null ]
9 verbose cache add name=undefined spec="grunt-cli" args=["grunt-cli",null]
10 verbose parsed url { protocol: null,
10 verbose parsed url   slashes: null,
10 verbose parsed url   auth: null,
10 verbose parsed url   host: null,
10 verbose parsed url   port: null,
10 verbose parsed url   hostname: null,
10 verbose parsed url   hash: null,
10 verbose parsed url   search: null,
10 verbose parsed url   query: null,
10 verbose parsed url   pathname: 'grunt-cli',
10 verbose parsed url   path: 'grunt-cli',
10 verbose parsed url   href: 'grunt-cli' }
11 silly lockFile 206e3ce5-bower bower
12 verbose lock bower /home/tim/.npm/206e3ce5-bower.lock
13 silly lockFile 671ef8ac-grunt-cli grunt-cli
14 verbose lock grunt-cli /home/tim/.npm/671ef8ac-grunt-cli.lock
15 silly lockFile 206e3ce5-bower bower
16 silly lockFile 206e3ce5-bower bower
17 silly lockFile 671ef8ac-grunt-cli grunt-cli
18 silly lockFile 671ef8ac-grunt-cli grunt-cli
19 verbose addNamed [ 'bower', '' ]
20 verbose addNamed [ null, '*' ]
21 silly lockFile 1240aab1-bower bower@
22 verbose lock bower@ /home/tim/.npm/1240aab1-bower.lock
23 verbose addNamed [ 'grunt-cli', '' ]
24 verbose addNamed [ null, '*' ]
25 silly lockFile d63f3d0b-grunt-cli grunt-cli@
26 verbose lock grunt-cli@ /home/tim/.npm/d63f3d0b-grunt-cli.lock
27 silly addNameRange { name: 'bower', range: '*', hasData: false }
28 silly addNameRange { name: 'grunt-cli', range: '*', hasData: false }
29 verbose request where is /bower
30 verbose request registry https://registry.npmjs.org/
31 verbose request id 472bda147218c2fa
32 verbose url raw /bower
33 verbose url resolving [ 'https://registry.npmjs.org/', './bower' ]
34 verbose url resolved https://registry.npmjs.org/bower
35 verbose request where is https://registry.npmjs.org/bower
36 info trying registry request attempt 1 at 14:20:00
37 http GET https://registry.npmjs.org/bower
38 verbose request where is /grunt-cli
39 verbose request registry https://registry.npmjs.org/
40 verbose url raw /grunt-cli
41 verbose url resolving [ 'https://registry.npmjs.org/', './grunt-cli' ]
42 verbose url resolved https://registry.npmjs.org/grunt-cli
43 verbose request where is https://registry.npmjs.org/grunt-cli
44 info trying registry request attempt 1 at 14:20:00
45 http GET https://registry.npmjs.org/grunt-cli
46 http 200 https://registry.npmjs.org/grunt-cli
47 silly registry.get cb [ 200,
47 silly registry.get   { date: 'Mon, 20 Apr 2015 21:20:01 GMT',
47 silly registry.get     server: 'CouchDB/1.5.0 (Erlang OTP/R16B03)',
47 silly registry.get     etag: '"4CBI2CVFSWH84UQ0CA8Z6DVQ6"',
47 silly registry.get     'content-type': 'application/json',
47 silly registry.get     'cache-control': 'max-age=60',
47 silly registry.get     'content-length': '20735',
47 silly registry.get     'accept-ranges': 'bytes',
47 silly registry.get     via: '1.1 varnish',
47 silly registry.get     age: '21',
47 silly registry.get     'x-served-by': 'cache-lax1434-LAX',
47 silly registry.get     'x-cache': 'HIT',
47 silly registry.get     'x-cache-hits': '1',
47 silly registry.get     'x-timer': 'S1429564801.230717,VS0,VE0',
47 silly registry.get     vary: 'Accept',
47 silly registry.get     'keep-alive': 'timeout=10, max=50',
47 silly registry.get     connection: 'Keep-Alive' } ]
48 silly addNameRange number 2 { name: 'grunt-cli', range: '*', hasData: true }
49 silly addNameRange versions [ 'grunt-cli',
49 silly addNameRange   [ '0.1.0',
49 silly addNameRange     '0.1.1',
49 silly addNameRange     '0.1.2',
49 silly addNameRange     '0.1.3',
49 silly addNameRange     '0.1.4',
49 silly addNameRange     '0.1.5',
49 silly addNameRange     '0.1.6',
49 silly addNameRange     '0.1.7',
49 silly addNameRange     '0.1.8',
49 silly addNameRange     '0.1.9',
49 silly addNameRange     '0.1.10',
49 silly addNameRange     '0.1.11',
49 silly addNameRange     '0.1.12',
49 silly addNameRange     '0.1.13' ] ]
50 verbose addNamed [ 'grunt-cli', '0.1.13' ]
51 verbose addNamed [ '0.1.13', '0.1.13' ]
52 silly lockFile 28997503-grunt-cli-0-1-13 grunt-cli@0.1.13
53 verbose lock grunt-cli@0.1.13 /home/tim/.npm/28997503-grunt-cli-0-1-13.lock
54 silly lockFile ab76c46e-g-grunt-cli-grunt-cli-0-1-13-tgz https://registry.npmjs.org/grunt-cli/-/grunt-cli-0.1.13.tgz
55 verbose lock https://registry.npmjs.org/grunt-cli/-/grunt-cli-0.1.13.tgz /home/tim/.npm/ab76c46e-g-grunt-cli-grunt-cli-0-1-13-tgz.lock
56 http 200 https://registry.npmjs.org/bower
57 silly registry.get cb [ 200,
57 silly registry.get   { date: 'Mon, 20 Apr 2015 21:20:01 GMT',
57 silly registry.get     server: 'CouchDB/1.5.0 (Erlang OTP/R16B03)',
57 silly registry.get     etag: '"51TR4PX9GOZ2BGIU8U212EZ3Z"',
57 silly registry.get     'content-type': 'application/json',
57 silly registry.get     'cache-control': 'max-age=60',
57 silly registry.get     'content-length': '111734',
57 silly registry.get     'accept-ranges': 'bytes',
57 silly registry.get     via: '1.1 varnish',
57 silly registry.get     age: '3',
57 silly registry.get     'x-served-by': 'cache-lax1427-LAX',
57 silly registry.get     'x-cache': 'HIT',
57 silly registry.get     'x-cache-hits': '1',
57 silly registry.get     'x-timer': 'S1429564801.229248,VS0,VE0',
57 silly registry.get     vary: 'Accept',
57 silly registry.get     'keep-alive': 'timeout=10, max=50',
57 silly registry.get     connection: 'Keep-Alive' } ]
58 verbose addRemoteTarball [ 'https://registry.npmjs.org/grunt-cli/-/grunt-cli-0.1.13.tgz',
58 verbose addRemoteTarball   'e9ebc4047631f5012d922770c39378133cad10f4' ]
59 silly addNameRange number 2 { name: 'bower', range: '*', hasData: true }
60 silly addNameRange versions [ 'bower',
60 silly addNameRange   [ '0.1.0',
60 silly addNameRange     '0.1.2',
60 silly addNameRange     '0.1.3',
60 silly addNameRange     '0.2.0',
60 silly addNameRange     '0.3.0',
60 silly addNameRange     '0.3.1',
60 silly addNameRange     '0.3.2',
60 silly addNameRange     '0.4.0',
60 silly addNameRange     '0.5.0',
60 silly addNameRange     '0.5.1',
60 silly addNameRange     '0.6.0',
60 silly addNameRange     '0.6.1',
60 silly addNameRange     '0.6.2',
60 silly addNameRange     '0.6.3',
60 silly addNameRange     '0.6.4',
60 silly addNameRange     '0.6.5',
60 silly addNameRange     '0.6.6',
60 silly addNameRange     '0.6.7',
60 silly addNameRange     '0.6.8',
60 silly addNameRange     '0.7.0',
60 silly addNameRange     '0.7.1',
60 silly addNameRange     '0.8.0',
60 silly addNameRange     '0.8.1',
60 silly addNameRange     '0.8.2',
60 silly addNameRange     '0.8.3',
60 silly addNameRange     '0.8.4',
60 silly addNameRange     '0.8.5',
60 silly addNameRange     '0.8.6',
60 silly addNameRange     '0.9.0',
60 silly addNameRange     '0.9.1',
60 silly addNameRange     '0.9.2',
60 silly addNameRange     '0.10.0',
60 silly addNameRange     '1.0.0',
60 silly addNameRange     '1.0.1',
60 silly addNameRange     '1.0.2',
60 silly addNameRange     '1.0.3',
60 silly addNameRange     '1.1.0',
60 silly addNameRange     '1.1.1',
60 silly addNameRange     '1.1.2',
60 silly addNameRange     '1.2.0',
60 silly addNameRange     '1.2.1',
60 silly addNameRange     '1.2.2',
60 silly addNameRange     '1.2.3',
60 silly addNameRange     '1.2.4',
60 silly addNameRange     '1.2.5',
60 silly addNameRange     '1.2.6',
60 silly addNameRange     '1.2.7',
60 silly addNameRange     '1.2.8',
60 silly addNameRange     '1.3.0',
60 silly addNameRange     '1.3.1',
60 silly addNameRange     '1.3.2',
60 silly addNameRange     '1.3.3',
60 silly addNameRange     '1.3.4',
60 silly addNameRange     '1.3.5',
60 silly addNameRange     '1.3.6',
60 silly addNameRange     '1.3.7',
60 silly addNameRange     '1.3.8',
60 silly addNameRange     '1.3.9',
60 silly addNameRange     '1.3.10',
60 silly addNameRange     '1.3.11',
60 silly addNameRange     '1.3.12',
60 silly addNameRange     '1.4.0',
60 silly addNameRange     '1.4.1' ] ]
61 verbose addNamed [ 'bower', '1.4.1' ]
62 verbose addNamed [ '1.4.1', '1.4.1' ]
63 silly lockFile 185f46c0-bower-1-4-1 bower@1.4.1
64 verbose lock bower@1.4.1 /home/tim/.npm/185f46c0-bower-1-4-1.lock
65 info retry fetch attempt 1 at 14:20:00
66 verbose fetch to= /tmp/npm-9932-fMaP7TjN/registry.npmjs.org/grunt-cli/-/grunt-cli-0.1.13.tgz
67 silly lockFile 04dcb06b--npmjs-org-bower-bower-1-4-1-tgz https://registry.npmjs.org/bower/-/bower-1.4.1.tgz
68 verbose lock https://registry.npmjs.org/bower/-/bower-1.4.1.tgz /home/tim/.npm/04dcb06b--npmjs-org-bower-bower-1-4-1-tgz.lock
69 http GET https://registry.npmjs.org/grunt-cli/-/grunt-cli-0.1.13.tgz
70 verbose addRemoteTarball [ 'https://registry.npmjs.org/bower/-/bower-1.4.1.tgz',
70 verbose addRemoteTarball   'a18be39d030792754f30f1c5b32d37b0156ba8dd' ]
71 info retry fetch attempt 1 at 14:20:00
72 verbose fetch to= /tmp/npm-9932-fMaP7TjN/registry.npmjs.org/bower/-/bower-1.4.1.tgz
73 http GET https://registry.npmjs.org/bower/-/bower-1.4.1.tgz
74 http 200 https://registry.npmjs.org/grunt-cli/-/grunt-cli-0.1.13.tgz
75 http 200 https://registry.npmjs.org/bower/-/bower-1.4.1.tgz
76 silly lockFile ab76c46e-g-grunt-cli-grunt-cli-0-1-13-tgz https://registry.npmjs.org/grunt-cli/-/grunt-cli-0.1.13.tgz
77 silly lockFile ab76c46e-g-grunt-cli-grunt-cli-0-1-13-tgz https://registry.npmjs.org/grunt-cli/-/grunt-cli-0.1.13.tgz
78 silly lockFile 28997503-grunt-cli-0-1-13 grunt-cli@0.1.13
79 silly lockFile 28997503-grunt-cli-0-1-13 grunt-cli@0.1.13
80 silly lockFile d63f3d0b-grunt-cli grunt-cli@
81 silly lockFile d63f3d0b-grunt-cli grunt-cli@
82 silly lockFile 04dcb06b--npmjs-org-bower-bower-1-4-1-tgz https://registry.npmjs.org/bower/-/bower-1.4.1.tgz
83 silly lockFile 04dcb06b--npmjs-org-bower-bower-1-4-1-tgz https://registry.npmjs.org/bower/-/bower-1.4.1.tgz
84 silly lockFile 185f46c0-bower-1-4-1 bower@1.4.1
85 silly lockFile 185f46c0-bower-1-4-1 bower@1.4.1
86 silly lockFile 1240aab1-bower bower@
87 silly lockFile 1240aab1-bower bower@
88 silly resolved [ { name: 'grunt-cli',
88 silly resolved     description: 'The grunt command line interface.',
88 silly resolved     version: '0.1.13',
88 silly resolved     author: { name: 'Grunt Team' },
88 silly resolved     homepage: 'http://gruntjs.com/',
88 silly resolved     repository: { type: 'git', url: 'git://github.com/gruntjs/grunt-cli.git' },
88 silly resolved     bugs: { url: 'http://github.com/gruntjs/grunt-cli/issues' },
88 silly resolved     licenses: [ [Object] ],
88 silly resolved     bin: { grunt: 'bin/grunt' },
88 silly resolved     engines: { node: '>= 0.8.0' },
88 silly resolved     scripts: { test: 'node bin/grunt test' },
88 silly resolved     preferGlobal: true,
88 silly resolved     dependencies: { nopt: '~1.0.10', 'findup-sync': '~0.1.0', resolve: '~0.3.1' },
88 silly resolved     devDependencies: { grunt: '~0.4.0', 'grunt-contrib-jshint': '~0.2.0' },
88 silly resolved     contributors: [ [Object], [Object], [Object], [Object] ],
88 silly resolved     _id: 'grunt-cli@0.1.13',
88 silly resolved     dist:
88 silly resolved      { shasum: 'e9ebc4047631f5012d922770c39378133cad10f4',
88 silly resolved        tarball: 'http://registry.npmjs.org/grunt-cli/-/grunt-cli-0.1.13.tgz' },
88 silly resolved     _from: 'grunt-cli@',
88 silly resolved     _npmVersion: '1.3.24',
88 silly resolved     _npmUser: { name: 'tkellen', email: 'tyler@sleekcode.net' },
88 silly resolved     maintainers: [ [Object] ],
88 silly resolved     directories: {},
88 silly resolved     _shasum: 'e9ebc4047631f5012d922770c39378133cad10f4',
88 silly resolved     _resolved: 'https://registry.npmjs.org/grunt-cli/-/grunt-cli-0.1.13.tgz' },
88 silly resolved   { name: 'bower',
88 silly resolved     version: '1.4.1',
88 silly resolved     description: 'The browser package manager',
88 silly resolved     author: { name: 'Twitter' },
88 silly resolved     licenses: [ [Object] ],
88 silly resolved     repository: { type: 'git', url: 'https://github.com/bower/bower' },
88 silly resolved     main: 'lib',
88 silly resolved     homepage: 'http://bower.io',
88 silly resolved     engines: { node: '>=0.10.0' },
88 silly resolved     dependencies:
88 silly resolved      { abbrev: '^1.0.5',
88 silly resolved        archy: '1.0.0',
88 silly resolved        'bower-config': '^0.6.1',
88 silly resolved        'bower-endpoint-parser': '^0.2.2',
88 silly resolved        'bower-json': '^0.4.0',
88 silly resolved        'bower-logger': '^0.2.2',
88 silly resolved        'bower-registry-client': '^0.3.0',
88 silly resolved        cardinal: '0.4.4',
88 silly resolved        chalk: '^1.0.0',
88 silly resolved        chmodr: '0.1.0',
88 silly resolved        configstore: '^0.3.2',
88 silly resolved        'decompress-zip': '^0.1.0',
88 silly resolved        fstream: '^1.0.3',
88 silly resolved        'fstream-ignore': '^1.0.2',
88 silly resolved        github: '^0.2.3',
88 silly resolved        glob: '^4.3.2',
88 silly resolved        'graceful-fs': '^3.0.5',
88 silly resolved        handlebars: '^2.0.0',
88 silly resolved        inquirer: '0.8.0',
88 silly resolved        insight: '^0.5.0',
88 silly resolved        'is-root': '^1.0.0',
88 silly resolved        junk: '^1.0.0',
88 silly resolved        lockfile: '^1.0.0',
88 silly resolved        'lru-cache': '^2.5.0',
88 silly resolved        mkdirp: '0.5.0',
88 silly resolved        mout: '^0.11.0',
88 silly resolved        nopt: '^3.0.1',
88 silly resolved        opn: '^1.0.1',
88 silly resolved        'p-throttler': '0.1.1',
88 silly resolved        promptly: '0.2.0',
88 silly resolved        q: '^1.1.2',
88 silly resolved        request: '2.53.0',
88 silly resolved        'request-progress': '0.3.1',
88 silly resolved        retry: '0.6.1',
88 silly resolved        rimraf: '^2.2.8',
88 silly resolved        semver: '^2.3.0',
88 silly resolved        'shell-quote': '^1.4.2',
88 silly resolved        'stringify-object': '^1.0.0',
88 silly resolved        'tar-fs': '^1.4.1',
88 silly resolved        tmp: '0.0.24',
88 silly resolved        'update-notifier': '^0.3.0',
88 silly resolved        'user-home': '^1.1.0',
88 silly resolved        which: '^1.0.8' },
88 silly resolved     devDependencies:
88 silly resolved      { chai: '^1.10.0',
88 silly resolved        coveralls: '^2.11.2',
88 silly resolved        'expect.js': '^0.3.1',
88 silly resolved        grunt: '^0.4.5',
88 silly resolved        'grunt-cli': '^0.1.13',
88 silly resolved        'grunt-contrib-jshint': '^0.10.0',
88 silly resolved        'grunt-contrib-watch': '^0.6.1',
88 silly resolved        'grunt-exec': '^0.4.6',
88 silly resolved        'grunt-simple-mocha': '^0.4.0',
88 silly resolved        istanbul: '^0.3.5',
88 silly resolved        'load-grunt-tasks': '^2.0.0',
88 silly resolved        mocha: '^2.1.0',
88 silly resolved        multiline: '^1.0.2',
88 silly resolved        nock: '^0.56.0',
88 silly resolved        'node-uuid': '^1.4.2',
88 silly resolved        proxyquire: '^1.3.0',
88 silly resolved        'spawn-sync': '^1.0.5' },
88 silly resolved     scripts: { test: 'grunt test' },
88 silly resolved     bin: { bower: 'bin/bower' },
88 silly resolved     preferGlobal: true,
88 silly resolved     gitHead: 'a1287416d40f944d58cb8f2e774e2076bfffd32f',
88 silly resolved     bugs: { url: 'https://github.com/bower/bower/issues' },
88 silly resolved     _id: 'bower@1.4.1',
88 silly resolved     _shasum: 'a18be39d030792754f30f1c5b32d37b0156ba8dd',
88 silly resolved     _from: 'bower@',
88 silly resolved     _npmVersion: '2.7.4',
88 silly resolved     _nodeVersion: '0.12.0',
88 silly resolved     _npmUser: { name: 'sheerun', email: 'sheerun@sher.pl' },
88 silly resolved     maintainers: [ [Object], [Object], [Object], [Object], [Object], [Object] ],
88 silly resolved     dist:
88 silly resolved      { shasum: 'a18be39d030792754f30f1c5b32d37b0156ba8dd',
88 silly resolved        tarball: 'http://registry.npmjs.org/bower/-/bower-1.4.1.tgz' },
88 silly resolved     directories: {},
88 silly resolved     _resolved: 'https://registry.npmjs.org/bower/-/bower-1.4.1.tgz' } ]
89 info install grunt-cli@0.1.13 into /usr/lib
90 info install bower@1.4.1 into /usr/lib
91 info installOne grunt-cli@0.1.13
92 info installOne bower@1.4.1
93 verbose lib/node_modules/grunt-cli unbuild
94 verbose lib/node_modules/bower unbuild
95 verbose tar unpack /home/tim/.npm/grunt-cli/0.1.13/package.tgz
96 silly lockFile 2107e595-r-usr-lib-node-modules-grunt-cli tar:///usr/lib/node_modules/grunt-cli
97 verbose lock tar:///usr/lib/node_modules/grunt-cli /home/tim/.npm/2107e595-r-usr-lib-node-modules-grunt-cli.lock
98 silly lockFile 5971b3e9-npm-grunt-cli-0-1-13-package-tgz tar:///home/tim/.npm/grunt-cli/0.1.13/package.tgz
99 verbose lock tar:///home/tim/.npm/grunt-cli/0.1.13/package.tgz /home/tim/.npm/5971b3e9-npm-grunt-cli-0-1-13-package-tgz.lock
100 verbose tar unpack /home/tim/.npm/bower/1.4.1/package.tgz
101 silly lockFile 6f53a3f9-tar-usr-lib-node-modules-bower tar:///usr/lib/node_modules/bower
102 verbose lock tar:///usr/lib/node_modules/bower /home/tim/.npm/6f53a3f9-tar-usr-lib-node-modules-bower.lock
103 silly lockFile e4c26a2a--tim-npm-bower-1-4-1-package-tgz tar:///home/tim/.npm/bower/1.4.1/package.tgz
104 verbose lock tar:///home/tim/.npm/bower/1.4.1/package.tgz /home/tim/.npm/e4c26a2a--tim-npm-bower-1-4-1-package-tgz.lock
105 silly gunzTarPerm modes [ '775', '664' ]
106 silly gunzTarPerm modes [ '775', '664' ]
107 error Error: EACCES, mkdir '/usr/lib/node_modules/grunt-cli'
107 error  { [Error: EACCES, mkdir '/usr/lib/node_modules/grunt-cli']
107 error   errno: 3,
107 error   code: 'EACCES',
107 error   path: '/usr/lib/node_modules/grunt-cli',
107 error   fstream_type: 'Directory',
107 error   fstream_path: '/usr/lib/node_modules/grunt-cli',
107 error   fstream_class: 'DirWriter',
107 error   fstream_stack:
107 error    [ '/usr/lib/node_modules/npm/node_modules/fstream/lib/dir-writer.js:36:23',
107 error      '/usr/lib/node_modules/npm/node_modules/mkdirp/index.js:46:53',
107 error      'Object.oncomplete (fs.js:108:15)' ] }
108 error Please try running this command again as root/Administrator.
109 error System Linux 3.16.0-34-generic
110 error command "/usr/bin/node" "/usr/bin/npm" "instal" "-g" "bower" "grunt-cli"
111 error cwd /home/tim/hgcapstone
112 error node -v v0.10.37
113 error npm -v 1.4.28
114 error path /usr/lib/node_modules/grunt-cli
115 error fstream_path /usr/lib/node_modules/grunt-cli
116 error fstream_type Directory
117 error fstream_class DirWriter
118 error code EACCES
119 error errno 3
120 error stack Error: EACCES, mkdir '/usr/lib/node_modules/grunt-cli'
121 error fstream_stack /usr/lib/node_modules/npm/node_modules/fstream/lib/dir-writer.js:36:23
121 error fstream_stack /usr/lib/node_modules/npm/node_modules/mkdirp/index.js:46:53
121 error fstream_stack Object.oncomplete (fs.js:108:15)
122 verbose exit [ 3, true ]
